Arguments: 
  /Users/theneva/.nvm/versions/node/v10.13.0/bin/node /usr/local/Cellar/yarn/1.13.0/libexec/bin/yarn.js run build

PATH: 
  /Users/theneva/code/oao-ignore-src/packages/some-app-backend/node_modules/.bin:/Users/theneva/code/oao-ignore-src/packages/node_modules/.bin:/Users/theneva/code/oao-ignore-src/node_modules/.bin:/Users/theneva/code/node_modules/.bin:/Users/theneva/node_modules/.bin:/Users/node_modules/.bin:/node_modules/.bin:/Users/theneva/.nvm/versions/node/v10.13.0/bin:/var/folders/5s/bmybl5c13q9chqkm54z526lm0000gn/T/yarn--1549277056819-0.9053176928247344:/Users/theneva/code/oao-ignore-src/node_modules/.bin:/Users/theneva/.config/yarn/link/node_modules/.bin:/Users/theneva/code/oao-ignore-src/node_modules/.bin:/Users/theneva/.config/yarn/link/node_modules/.bin:/Users/theneva/.nvm/versions/node/v10.13.0/libexec/lib/node_modules/npm/bin/node-gyp-bin:/Users/theneva/.nvm/versions/node/v10.13.0/lib/node_modules/npm/bin/node-gyp-bin:/Users/theneva/.nvm/versions/node/v10.13.0/bin/node_modules/npm/bin/node-gyp-bin:/Users/theneva/.nix-profile/bin:/Users/theneva/.nvm/versions/node/v10.13.0/bin:/usr/local/bin:/usr/bin:/bin:/usr/sbin:/sbin:/Library/Java/JavaVirtualMachines/jdk-9.jdk/Contents/Home/bin:/Users/marlehma/tools:/Users/theneva/.rvm/bin:/usr/local/texlive/2016basic/bin/universal-darwin:/usr/local/Caskroom/google-cloud-sdk/latest/google-cloud-sdk/bin

Yarn version: 
  1.13.0

Node version: 
  10.13.0

Platform: 
  darwin x64

Trace: 
  Invariant Violation: Script must exist
      at invariant (/usr/local/Cellar/yarn/1.13.0/libexec/lib/cli.js:2168:15)
      at /usr/local/Cellar/yarn/1.13.0/libexec/lib/cli.js:61348:11
      at Generator.next (<anonymous>)
      at step (/usr/local/Cellar/yarn/1.13.0/libexec/lib/cli.js:304:30)
      at /usr/local/Cellar/yarn/1.13.0/libexec/lib/cli.js:322:14
      at new Promise (<anonymous>)
      at new F (/usr/local/Cellar/yarn/1.13.0/libexec/lib/cli.js:5228:28)
      at /usr/local/Cellar/yarn/1.13.0/libexec/lib/cli.js:301:12
      at runCommand (/usr/local/Cellar/yarn/1.13.0/libexec/lib/cli.js:61413:23)
      at Object.<anonymous> (/usr/local/Cellar/yarn/1.13.0/libexec/lib/cli.js:61512:14)

npm manifest: 
  {
    "name": "some-app-backend",
    "version": "1.0.0",
    "main": "index.js",
    "license": "MIT",
    "scripts": {
      "build": ""
    }
  }

yarn manifest: 
  No manifest

Lockfile: 
  No lockfile
